<?xml version="1.0" encoding="UTF-8"?>
<testsuite xmlns:xsi="http://www.w3.org/2001/XMLSchema-instance" xsi:noNamespaceSchemaLocation="https://maven.apache.org/surefire/maven-surefire-plugin/xsd/surefire-test-report-3.0.xsd" version="3.0" name="com.redhat.developers.HelloResourceTest" time="31.902" tests="1" errors="0" skipped="0" failures="1">
  <properties>
[...]
</properties>
  <testcase name="testHelloEndpoint" classname="com.redhat.developers.HelloResourceTest" time="0.777">
    <failure message="1 expectation failed.&#10;Expected status code &lt;200&gt; but was &lt;404&gt;.&#10;" type="java.lang.AssertionError"><![CDATA[java.lang.AssertionError: 
1 expectation failed.
Expected status code <200> but was <404>.

	at java.base/jdk.internal.reflect.NativeConstructorAccessorImpl.newInstance0(Native Method)
	at java.base/jdk.internal.reflect.NativeConstructorAccessorImpl.newInstance(NativeConstructorAccessorImpl.java:62)
	at java.base/jdk.internal.reflect.DelegatingConstructorAccessorImpl.newInstance(DelegatingConstructorAccessorImpl.java:45)
	at java.base/java.lang.reflect.Constructor.newInstance(Constructor.java:490)
	at org.codehaus.groovy.reflection.CachedConstructor.invoke(CachedConstructor.java:72)
	at org.codehaus.groovy.reflection.CachedConstructor.doConstructorInvoke(CachedConstructor.java:59)
	at org.codehaus.groovy.runtime.callsite.ConstructorSite$ConstructorSiteNoUnwrap.callConstructor(ConstructorSite.java:84)
	at org.codehaus.groovy.runtime.callsite.CallSiteArray.defaultCallConstructor(CallSiteArray.java:59)
	at org.codehaus.groovy.runtime.callsite.AbstractCallSite.callConstructor(AbstractCallSite.java:263)
	at org.codehaus.groovy.runtime.callsite.AbstractCallSite.callConstructor(AbstractCallSite.java:277)
	at io.restassured.internal.ResponseSpecificationImpl$HamcrestAssertionClosure.validate(ResponseSpecificationImpl.groovy:499)
	at io.restassured.internal.ResponseSpecificationImpl$HamcrestAssertionClosure$validate$1.call(Unknown Source)
	at org.codehaus.groovy.runtime.callsite.CallSiteArray.defaultCall(CallSiteArray.java:47)
	at org.codehaus.groovy.runtime.callsite.AbstractCallSite.call(AbstractCallSite.java:125)
	at org.codehaus.groovy.runtime.callsite.AbstractCallSite.call(AbstractCallSite.java:139)
	at io.restassured.internal.ResponseSpecificationImpl.validateResponseIfRequired(ResponseSpecificationImpl.groovy:684)
	at java.base/jdk.internal.reflect.NativeMethodAccessorImpl.invoke0(Native Method)
	at java.base/jdk.internal.reflect.NativeMethodAccessorImpl.invoke(NativeMethodAccessorImpl.java:62)
	at java.base/jdk.internal.reflect.DelegatingMethodAccessorImpl.invoke(DelegatingMethodAccessorImpl.java:43)
	at java.base/java.lang.reflect.Method.invoke(Method.java:566)
	at org.codehaus.groovy.runtime.callsite.PlainObjectMetaMethodSite.doInvoke(PlainObjectMetaMethodSite.java:43)
	at org.codehaus.groovy.runtime.callsite.PogoMetaMethodSite$PogoCachedMethodSiteNoUnwrapNoCoerce.invoke(PogoMetaMethodSite.java:193)
	at org.codehaus.groovy.runtime.callsite.PogoMetaMethodSite.callCurrent(PogoMetaMethodSite.java:61)
	at org.codehaus.groovy.runtime.callsite.CallSiteArray.defaultCallCurrent(CallSiteArray.java:51)
	at org.codehaus.groovy.runtime.callsite.AbstractCallSite.callCurrent(AbstractCallSite.java:171)
	at org.codehaus.groovy.runtime.callsite.AbstractCallSite.callCurrent(AbstractCallSite.java:185)
	at io.restassured.internal.ResponseSpecificationImpl.statusCode(ResponseSpecificationImpl.groovy:127)
	at io.restassured.specification.ResponseSpecification$statusCode$0.callCurrent(Unknown Source)
	at org.codehaus.groovy.runtime.callsite.CallSiteArray.defaultCallCurrent(CallSiteArray.java:51)
	at org.codehaus.groovy.runtime.callsite.AbstractCallSite.callCurrent(AbstractCallSite.java:171)
	at org.codehaus.groovy.runtime.callsite.AbstractCallSite.callCurrent(AbstractCallSite.java:185)
	at io.restassured.internal.ResponseSpecificationImpl.statusCode(ResponseSpecificationImpl.groovy:135)
	at io.restassured.internal.ValidatableResponseOptionsImpl.statusCode(ValidatableResponseOptionsImpl.java:89)
	at io.restassured.internal.ValidatableResponseImpl.super$2$statusCode(ValidatableResponseImpl.groovy)
	at java.base/jdk.internal.reflect.NativeMethodAccessorImpl.invoke0(Native Method)
	at java.base/jdk.internal.reflect.NativeMethodAccessorImpl.invoke(NativeMethodAccessorImpl.java:62)
	at java.base/jdk.internal.reflect.DelegatingMethodAccessorImpl.invoke(DelegatingMethodAccessorImpl.java:43)
	at java.base/java.lang.reflect.Method.invoke(Method.java:566)
	at org.codehaus.groovy.reflection.CachedMethod.invoke(CachedMethod.java:107)
	at groovy.lang.MetaMethod.doMethodInvoke(MetaMethod.java:323)
	at groovy.lang.MetaClassImpl.invokeMethod(MetaClassImpl.java:1268)
	at org.codehaus.groovy.runtime.ScriptBytecodeAdapter.invokeMethodOnSuperN(ScriptBytecodeAdapter.java:144)
	at io.restassured.internal.ValidatableResponseImpl.statusCode(ValidatableResponseImpl.groovy:142)
	at io.restassured.internal.ValidatableResponseImpl.statusCode(ValidatableResponseImpl.groovy)
	at com.redhat.developers.HelloResourceTest.testHelloEndpoint(HelloResourceTest.java:17)
	at java.base/jdk.internal.reflect.NativeMethodAccessorImpl.invoke0(Native Method)
	at java.base/jdk.internal.reflect.NativeMethodAccessorImpl.invoke(NativeMethodAccessorImpl.java:62)
	at java.base/jdk.internal.reflect.DelegatingMethodAccessorImpl.invoke(DelegatingMethodAccessorImpl.java:43)
	at java.base/java.lang.reflect.Method.invoke(Method.java:566)
	at io.quarkus.test.junit.QuarkusTestExtension.runExtensionMethod(QuarkusTestExtension.java:1019)
	at io.quarkus.test.junit.QuarkusTestExtension.interceptTestMethod(QuarkusTestExtension.java:838)
	at org.junit.jupiter.engine.execution.ExecutableInvoker$ReflectiveInterceptorCall.lambda$ofVoidMethod$0(ExecutableInvoker.java:115)
	at org.junit.jupiter.engine.execution.ExecutableInvoker.lambda$invoke$0(ExecutableInvoker.java:105)
	at org.junit.jupiter.engine.execution.InvocationInterceptorChain$InterceptedInvocation.proceed(InvocationInterceptorChain.java:106)
	at org.junit.jupiter.engine.extension.TimeoutExtension.intercept(TimeoutExtension.java:149)
	at org.junit.jupiter.engine.extension.TimeoutExtension.interceptTestableMethod(TimeoutExtension.java:140)
	at org.junit.jupiter.engine.extension.TimeoutExtension.interceptTestMethod(TimeoutExtension.java:84)
	at org.junit.jupiter.engine.execution.ExecutableInvoker$ReflectiveInterceptorCall.lambda$ofVoidMethod$0(ExecutableInvoker.java:115)
	at org.junit.jupiter.engine.execution.ExecutableInvoker.lambda$invoke$0(ExecutableInvoker.java:105)
	at org.junit.jupiter.engine.execution.InvocationInterceptorChain$InterceptedInvocation.proceed(InvocationInterceptorChain.java:106)
	at org.junit.jupiter.engine.execution.InvocationInterceptorChain.proceed(InvocationInterceptorChain.java:64)
	at org.junit.jupiter.engine.execution.InvocationInterceptorChain.chainAndInvoke(InvocationInterceptorChain.java:45)
	at org.junit.jupiter.engine.execution.InvocationInterceptorChain.invoke(InvocationInterceptorChain.java:37)
	at org.junit.jupiter.engine.execution.ExecutableInvoker.invoke(ExecutableInvoker.java:104)
	at org.junit.jupiter.engine.execution.ExecutableInvoker.invoke(ExecutableInvoker.java:98)
	at org.junit.jupiter.engine.descriptor.TestMethodTestDescriptor.lambda$invokeTestMethod$7(TestMethodTestDescriptor.java:214)
	at org.junit.platform.engine.support.hierarchical.ThrowableCollector.execute(ThrowableCollector.java:73)
	at org.junit.jupiter.engine.descriptor.TestMethodTestDescriptor.invokeTestMethod(TestMethodTestDescriptor.java:210)
	at org.junit.jupiter.engine.descriptor.TestMethodTestDescriptor.execute(TestMethodTestDescriptor.java:135)
	at org.junit.jupiter.engine.descriptor.TestMethodTestDescriptor.execute(TestMethodTestDescriptor.java:66)
	at org.junit.platform.engine.support.hierarchical.NodeTestTask.lambda$executeRecursively$6(NodeTestTask.java:151)
	at org.junit.platform.engine.support.hierarchical.ThrowableCollector.execute(ThrowableCollector.java:73)
	at org.junit.platform.engine.support.hierarchical.NodeTestTask.lambda$executeRecursively$8(NodeTestTask.java:141)
	at org.junit.platform.engine.support.hierarchical.Node.around(Node.java:137)
	at org.junit.platform.engine.support.hierarchical.NodeTestTask.lambda$executeRecursively$9(NodeTestTask.java:139)
	at org.junit.platform.engine.support.hierarchical.ThrowableCollector.execute(ThrowableCollector.java:73)
	at org.junit.platform.engine.support.hierarchical.NodeTestTask.executeRecursively(NodeTestTask.java:138)
	at org.junit.platform.engine.support.hierarchical.NodeTestTask.execute(NodeTestTask.java:95)
	at java.base/java.util.ArrayList.forEach(ArrayList.java:1541)
	at org.junit.platform.engine.support.hierarchical.SameThreadHierarchicalTestExecutorService.invokeAll(SameThreadHierarchicalTestExecutorService.java:41)
	at org.junit.platform.engine.support.hierarchical.NodeTestTask.lambda$executeRecursively$6(NodeTestTask.java:155)
	at org.junit.platform.engine.support.hierarchical.ThrowableCollector.execute(ThrowableCollector.java:73)
	at org.junit.platform.engine.support.hierarchical.NodeTestTask.lambda$executeRecursively$8(NodeTestTask.java:141)
	at org.junit.platform.engine.support.hierarchical.Node.around(Node.java:137)
	at org.junit.platform.engine.support.hierarchical.NodeTestTask.lambda$executeRecursively$9(NodeTestTask.java:139)
	at org.junit.platform.engine.support.hierarchical.ThrowableCollector.execute(ThrowableCollector.java:73)
	at org.junit.platform.engine.support.hierarchical.NodeTestTask.executeRecursively(NodeTestTask.java:138)
	at org.junit.platform.engine.support.hierarchical.NodeTestTask.execute(NodeTestTask.java:95)
	at java.base/java.util.ArrayList.forEach(ArrayList.java:1541)
	at org.junit.platform.engine.support.hierarchical.SameThreadHierarchicalTestExecutorService.invokeAll(SameThreadHierarchicalTestExecutorService.java:41)
	at org.junit.platform.engine.support.hierarchical.NodeTestTask.lambda$executeRecursively$6(NodeTestTask.java:155)
	at org.junit.platform.engine.support.hierarchical.ThrowableCollector.execute(ThrowableCollector.java:73)
	at org.junit.platform.engine.support.hierarchical.NodeTestTask.lambda$executeRecursively$8(NodeTestTask.java:141)
	at org.junit.platform.engine.support.hierarchical.Node.around(Node.java:137)
	at org.junit.platform.engine.support.hierarchical.NodeTestTask.lambda$executeRecursively$9(NodeTestTask.java:139)
	at org.junit.platform.engine.support.hierarchical.ThrowableCollector.execute(ThrowableCollector.java:73)
	at org.junit.platform.engine.support.hierarchical.NodeTestTask.executeRecursively(NodeTestTask.java:138)
	at org.junit.platform.engine.support.hierarchical.NodeTestTask.execute(NodeTestTask.java:95)
	at org.junit.platform.engine.support.hierarchical.SameThreadHierarchicalTestExecutorService.submit(SameThreadHierarchicalTestExecutorService.java:35)
	at org.junit.platform.engine.support.hierarchical.HierarchicalTestExecutor.execute(HierarchicalTestExecutor.java:57)
	at org.junit.platform.engine.support.hierarchical.HierarchicalTestEngine.execute(HierarchicalTestEngine.java:54)
	at org.junit.platform.launcher.core.EngineExecutionOrchestrator.execute(EngineExecutionOrchestrator.java:107)
	at org.junit.platform.launcher.core.EngineExecutionOrchestrator.execute(EngineExecutionOrchestrator.java:88)
	at org.junit.platform.launcher.core.EngineExecutionOrchestrator.lambda$execute$0(EngineExecutionOrchestrator.java:54)
	at org.junit.platform.launcher.core.EngineExecutionOrchestrator.withInterceptedStreams(EngineExecutionOrchestrator.java:67)
	at org.junit.platform.launcher.core.EngineExecutionOrchestrator.execute(EngineExecutionOrchestrator.java:52)
	at org.junit.platform.launcher.core.DefaultLauncher.execute(DefaultLauncher.java:114)
	at org.junit.platform.launcher.core.DefaultLauncher.execute(DefaultLauncher.java:86)
	at org.junit.platform.launcher.core.DefaultLauncherSession$DelegatingLauncher.execute(DefaultLauncherSession.java:86)
	at org.apache.maven.surefire.junitplatform.LazyLauncher.execute(LazyLauncher.java:55)
	at org.apache.maven.surefire.junitplatform.JUnitPlatformProvider.execute(JUnitPlatformProvider.java:223)
	at org.apache.maven.surefire.junitplatform.JUnitPlatformProvider.invokeAllTests(JUnitPlatformProvider.java:175)
	at org.apache.maven.surefire.junitplatform.JUnitPlatformProvider.invoke(JUnitPlatformProvider.java:139)
	at org.apache.maven.surefire.booter.ForkedBooter.runSuitesInProcess(ForkedBooter.java:456)
	at org.apache.maven.surefire.booter.ForkedBooter.execute(ForkedBooter.java:169)
	at org.apache.maven.surefire.booter.ForkedBooter.run(ForkedBooter.java:595)
	at org.apache.maven.surefire.booter.ForkedBooter.main(ForkedBooter.java:581)
]]></failure>
    <system-out><![CDATA[2022-08-01 22:02:14,003 INFO  [org.jbo.threads] (main) JBoss Threads version 3.4.2.Final
2022-08-01 22:02:14,156 WARN  [org.tes.uti.TestcontainersConfiguration] (build-25) Attempted to read Testcontainers configuration file at file:/Users/hungnguyen/.testcontainers.properties but the file was not found. Exception message: FileNotFoundException: /Users/hungnguyen/.testcontainers.properties (No such file or directory)
2022-08-01 22:02:14,481 INFO  [org.tes.doc.DockerClientProviderStrategy] (build-25) Found Docker environment with local Unix socket (unix:///var/run/docker.sock)
2022-08-01 22:02:14,488 INFO  [org.tes.DockerClientFactory] (build-25) Docker host IP address is localhost
2022-08-01 22:02:14,500 INFO  [org.tes.DockerClientFactory] (build-25) Connected to docker: 
  Server Version: 20.10.17
  API Version: 1.41
  Operating System: Docker Desktop
  Total Memory: 7859 MB
2022-08-01 22:02:14,511 INFO  [org.tes.uti.ImageNameSubstitutor] (build-25) Image name substitution will be performed by: DefaultImageNameSubstitutor (composite of 'ConfigurationFileImageNameSubstitutor' and 'PrefixingImageNameSubstitutor')
2022-08-01 22:02:14,528 INFO  [🐳 .3.3]] (build-25) Pulling docker image: testcontainers/ryuk:0.3.3. Please be patient; this may take some time but only needs to be done once.
2022-08-01 22:02:14,657 INFO  [org.tes.uti.RegistryAuthLocator] (build-25) Credential helper/store (docker-credential-desktop) does not have credentials for https://index.docker.io/v1/
2022-08-01 22:02:18,430 INFO  [🐳 .3.3]] (docker-java-stream-256183458) Starting to pull image
2022-08-01 22:02:18,445 INFO  [🐳 .3.3]] (docker-java-stream-256183458) Pulling image layers:  0 pending,  0 downloaded,  0 extracted, (0 bytes/0 bytes)
2022-08-01 22:02:20,502 INFO  [🐳 .3.3]] (docker-java-stream-256183458) Pulling image layers:  2 pending,  1 downloaded,  0 extracted, (56 KB/? MB)
2022-08-01 22:02:20,620 INFO  [🐳 .3.3]] (docker-java-stream-256183458) Pulling image layers:  1 pending,  2 downloaded,  0 extracted, (2 MB/? MB)
2022-08-01 22:02:20,654 INFO  [🐳 .3.3]] (docker-java-stream-256183458) Pulling image layers:  0 pending,  3 downloaded,  0 extracted, (3 MB/5 MB)
2022-08-01 22:02:20,743 INFO  [🐳 .3.3]] (docker-java-stream-256183458) Pulling image layers:  0 pending,  3 downloaded,  1 extracted, (3 MB/5 MB)
2022-08-01 22:02:20,794 INFO  [🐳 .3.3]] (docker-java-stream-256183458) Pulling image layers:  0 pending,  3 downloaded,  2 extracted, (4 MB/5 MB)
2022-08-01 22:02:20,872 INFO  [🐳 .3.3]] (docker-java-stream-256183458) Pulling image layers:  0 pending,  3 downloaded,  3 extracted, (5 MB/5 MB)
2022-08-01 22:02:20,877 INFO  [🐳 .3.3]] (docker-java-stream-256183458) Pull complete. 3 layers, pulled in 2s (downloaded 5 MB at 2 MB/s)
2022-08-01 22:02:20,896 INFO  [🐳 .3.3]] (build-25) Creating container for image: testcontainers/ryuk:0.3.3
2022-08-01 22:02:20,956 INFO  [🐳 .3.3]] (build-25) Container testcontainers/ryuk:0.3.3 is starting: c6e022479a4646bd3643a177c3b4b91aeaa315c19806bf54a607730cc927d538
2022-08-01 22:02:21,172 INFO  [🐳 .3.3]] (build-25) Container testcontainers/ryuk:0.3.3 started in PT6.657676S
2022-08-01 22:02:21,178 INFO  [org.tes.uti.RyukResourceReaper] (build-25) Ryuk started - will monitor and terminate Testcontainers containers on JVM exit
2022-08-01 22:02:21,178 INFO  [org.tes.DockerClientFactory] (build-25) Checking the system...
2022-08-01 22:02:21,178 INFO  [org.tes.DockerClientFactory] (build-25) ✔︎ Docker server version should be at least 1.6.0
2022-08-01 22:02:21,183 INFO  [🐳 .io/postgres:14]] (build-25) Pulling docker image: docker.io/postgres:14. Please be patient; this may take some time but only needs to be done once.
2022-08-01 22:02:21,207 INFO  [org.tes.uti.RegistryAuthLocator] (build-25) Credential helper/store (docker-credential-desktop) does not have credentials for docker.io
2022-08-01 22:02:24,986 INFO  [🐳 .io/postgres:14]] (docker-java-stream--933788147) Starting to pull image
2022-08-01 22:02:24,987 INFO  [🐳 .io/postgres:14]] (docker-java-stream--933788147) Pulling image layers:  0 pending,  0 downloaded,  0 extracted, (0 bytes/0 bytes)
2022-08-01 22:02:27,040 INFO  [🐳 .io/postgres:14]] (docker-java-stream--933788147) Pulling image layers: 12 pending,  1 downloaded,  0 extracted, (363 KB/? MB)
2022-08-01 22:02:27,994 INFO  [🐳 .io/postgres:14]] (docker-java-stream--933788147) Pulling image layers: 11 pending,  2 downloaded,  0 extracted, (12 MB/? MB)
2022-08-01 22:02:28,928 INFO  [🐳 .io/postgres:14]] (docker-java-stream--933788147) Pulling image layers: 10 pending,  3 downloaded,  0 extracted, (24 MB/? MB)
2022-08-01 22:02:29,728 INFO  [🐳 .io/postgres:14]] (docker-java-stream--933788147) Pulling image layers:  9 pending,  4 downloaded,  0 extracted, (33 MB/? MB)
2022-08-01 22:02:30,191 INFO  [🐳 .io/postgres:14]] (docker-java-stream--933788147) Pulling image layers:  8 pending,  5 downloaded,  0 extracted, (36 MB/? MB)
2022-08-01 22:02:30,602 INFO  [🐳 .io/postgres:14]] (docker-java-stream--933788147) Pulling image layers:  8 pending,  5 downloaded,  1 extracted, (39 MB/? MB)
2022-08-01 22:02:30,746 INFO  [🐳 .io/postgres:14]] (docker-java-stream--933788147) Pulling image layers:  8 pending,  5 downloaded,  2 extracted, (43 MB/? MB)
2022-08-01 22:02:30,782 INFO  [🐳 .io/postgres:14]] (docker-java-stream--933788147) Pulling image layers:  8 pending,  5 downloaded,  3 extracted, (43 MB/? MB)
2022-08-01 22:02:30,847 INFO  [🐳 .io/postgres:14]] (docker-java-stream--933788147) Pulling image layers:  8 pending,  5 downloaded,  4 extracted, (43 MB/? MB)
2022-08-01 22:02:30,854 INFO  [🐳 .io/postgres:14]] (docker-java-stream--933788147) Pulling image layers:  7 pending,  6 downloaded,  4 extracted, (43 MB/? MB)
2022-08-01 22:02:30,872 INFO  [🐳 .io/postgres:14]] (docker-java-stream--933788147) Pulling image layers:  6 pending,  7 downloaded,  4 extracted, (43 MB/? MB)
2022-08-01 22:02:31,113 INFO  [🐳 .io/postgres:14]] (docker-java-stream--933788147) Pulling image layers:  6 pending,  7 downloaded,  5 extracted, (43 MB/? MB)
2022-08-01 22:02:31,187 INFO  [🐳 .io/postgres:14]] (docker-java-stream--933788147) Pulling image layers:  6 pending,  7 downloaded,  6 extracted, (44 MB/? MB)
2022-08-01 22:02:31,217 INFO  [🐳 .io/postgres:14]] (docker-java-stream--933788147) Pulling image layers:  6 pending,  7 downloaded,  7 extracted, (44 MB/? MB)
2022-08-01 22:02:31,245 INFO  [🐳 .io/postgres:14]] (docker-java-stream--933788147) Pulling image layers:  5 pending,  8 downloaded,  7 extracted, (44 MB/? MB)
2022-08-01 22:02:31,277 INFO  [🐳 .io/postgres:14]] (docker-java-stream--933788147) Pulling image layers:  5 pending,  8 downloaded,  8 extracted, (44 MB/? MB)
2022-08-01 22:02:31,928 INFO  [🐳 .io/postgres:14]] (docker-java-stream--933788147) Pulling image layers:  4 pending,  9 downloaded,  8 extracted, (44 MB/? MB)
2022-08-01 22:02:32,309 INFO  [🐳 .io/postgres:14]] (docker-java-stream--933788147) Pulling image layers:  3 pending, 10 downloaded,  8 extracted, (49 MB/? MB)
2022-08-01 22:02:33,963 INFO  [🐳 .io/postgres:14]] (docker-java-stream--933788147) Pulling image layers:  2 pending, 11 downloaded,  8 extracted, (69 MB/? MB)
2022-08-01 22:02:35,060 INFO  [🐳 .io/postgres:14]] (docker-java-stream--933788147) Pulling image layers:  1 pending, 12 downloaded,  8 extracted, (84 MB/? MB)
2022-08-01 22:02:38,566 INFO  [🐳 .io/postgres:14]] (docker-java-stream--933788147) Pulling image layers:  0 pending, 13 downloaded,  8 extracted, (129 MB/131 MB)
2022-08-01 22:02:40,692 INFO  [🐳 .io/postgres:14]] (docker-java-stream--933788147) Pulling image layers:  0 pending, 13 downloaded,  9 extracted, (131 MB/131 MB)
2022-08-01 22:02:40,724 INFO  [🐳 .io/postgres:14]] (docker-java-stream--933788147) Pulling image layers:  0 pending, 13 downloaded, 10 extracted, (131 MB/131 MB)
2022-08-01 22:02:40,756 INFO  [🐳 .io/postgres:14]] (docker-java-stream--933788147) Pulling image layers:  0 pending, 13 downloaded, 11 extracted, (131 MB/131 MB)
2022-08-01 22:02:40,787 INFO  [🐳 .io/postgres:14]] (docker-java-stream--933788147) Pulling image layers:  0 pending, 13 downloaded, 12 extracted, (131 MB/131 MB)
2022-08-01 22:02:40,819 INFO  [🐳 .io/postgres:14]] (docker-java-stream--933788147) Pulling image layers:  0 pending, 13 downloaded, 13 extracted, (131 MB/131 MB)
2022-08-01 22:02:40,826 INFO  [🐳 .io/postgres:14]] (docker-java-stream--933788147) Pull complete. 13 layers, pulled in 15s (downloaded 131 MB at 8 MB/s)
2022-08-01 22:02:40,828 INFO  [🐳 .io/postgres:14]] (build-25) Creating container for image: docker.io/postgres:14
2022-08-01 22:02:40,829 WARN  [🐳 .io/postgres:14]] (build-25) Reuse was requested but the environment does not support the reuse of containers
To enable reuse of containers, you must set 'testcontainers.reuse.enable=true' in a file located at /Users/hungnguyen/.testcontainers.properties
2022-08-01 22:02:41,274 INFO  [🐳 .io/postgres:14]] (build-25) Container docker.io/postgres:14 is starting: 4dc97ea2406eaf5894111756b544892062f229d0fb04da4fe28b80afb06b261e
2022-08-01 22:02:42,246 INFO  [🐳 .io/postgres:14]] (build-25) Container docker.io/postgres:14 started in PT21.064294S
2022-08-01 22:02:42,246 INFO  [io.qua.dev.pos.dep.PostgresqlDevServicesProcessor] (build-25) Dev Services for PostgreSQL started.
2022-08-01 22:02:42,247 INFO  [io.qua.dat.dep.dev.DevServicesDatasourceProcessor] (build-25) Dev Services for the default datasource (postgresql) started.
2022-08-01 22:02:42,249 INFO  [io.qua.hib.orm.dep.HibernateOrmProcessor] (build-22) Setting quarkus.hibernate-orm.database.generation=drop-and-create to initialize Dev Services managed database
2022-08-01 22:02:43,312 WARN  [org.hib.eng.jdb.spi.SqlExceptionHelper] (JPA Startup Thread: <default>) SQL Warning Code: 0, SQLState: 00000
2022-08-01 22:02:43,312 WARN  [org.hib.eng.jdb.spi.SqlExceptionHelper] (JPA Startup Thread: <default>) table "users" does not exist, skipping
2022-08-01 22:02:43,313 WARN  [org.hib.eng.jdb.spi.SqlExceptionHelper] (JPA Startup Thread: <default>) SQL Warning Code: 0, SQLState: 00000
2022-08-01 22:02:43,313 WARN  [org.hib.eng.jdb.spi.SqlExceptionHelper] (JPA Startup Thread: <default>) sequence "hibernate_sequence" does not exist, skipping
2022-08-01 22:02:43,409 INFO  [io.quarkus] (main) quarkus-demo 1.0-SNAPSHOT on JVM (powered by Quarkus 2.11.1.Final) started in 29.729s. Listening on: http://localhost:8081
2022-08-01 22:02:43,409 INFO  [io.quarkus] (main) Profile test activated. 
2022-08-01 22:02:43,409 INFO  [io.quarkus] (main) Installed features: [agroal, cdi, hibernate-orm, hibernate-orm-panache, hibernate-orm-rest-data-panache, jdbc-postgresql, narayana-jta, resteasy, resteasy-jackson, smallrye-context-propagation, vertx]
]]></system-out>
  </testcase>
</testsuite>